Arguments: 
  C:\Program Files\nodejs\node.exe C:\Users\My Family\AppData\Roaming\npm\node_modules\yarn\bin\yarn.js

PATH: 
  C:\Users\My Family\bin;C:\Program Files\Git\mingw64\bin;C:\Program Files\Git\usr\local\bin;C:\Program Files\Git\usr\bin;C:\Program Files\Git\usr\bin;C:\Program Files\Git\mingw64\bin;C:\Program Files\Git\usr\bin;C:\Users\My Family\bin;C:\Program Files\Microsoft\jdk-11.0.18.10-hotspot\bin;C:\Program Files\Eclipse Adoptium\jdk-11.0.19.7-hotspot\bin;C:\Program Files (x86)\NVIDIA Corporation\PhysX\Common;C:\Program Files\Common Files\Oracle\Java\javapath;C:\Program Files (x86)\Common Files\Oracle\Java\javapath;C:\WINDOWS\system32;C:\WINDOWS;C:\WINDOWS\System32\Wbem;C:\WINDOWS\System32\WindowsPowerShell\v1.0;C:\WINDOWS\System32\OpenSSH;C:\Program Files\dotnet;C:\Program Files (x86)\Common Files\Acronis\SnapAPI;C:\Program Files\Git\cmd;C:\ProgramData\chocolatey\bin;C:\Program Files\wGet;C:\Users\My Family\AppData\Roaming\Python\Python311\Scripts;C:\Users\My Family\AppData\Roaming\Python\Python311\Site-Package;C:\Program Files\Microsoft SQL Server\Client SDK\ODBC\110\Tools\Binn;C:\Program Files (x86)\Microsoft SQL Server\120\Tools\Binn;C:\Program Files\Microsoft SQL Server\120\Tools\Binn;C:\Program Files\Microsoft SQL Server\120\DTS\Binn;C:\Program Files (x86)\Windows Kits\8.1\Windows Performance Toolkit;C:\Program Files\nodejs;C:\Users\My Family\AppData\Local\Programs\Python\Python311\Scripts;C:\Users\My Family\AppData\Local\Programs\Python\Python311;C:\Users\My Family\.console-ninja\.bin;C:\Users\My Family\AppData\Local\Programs\Python\Python310\Scripts;C:\Users\My Family\AppData\Local\Programs\Python\Python310;C:\Users\My Family\AppData\Local\Microsoft\WindowsApps;C:\Users\My Family\AppData\Local\Programs\Microsoft VS Code\bin;C:\Program Files\JetBrains\IntelliJ IDEA 2022.1.2\bin;C:\Program Files\JetBrains\PyCharm Community Edition 2022.1.1\bin;C:\Program Files\JetBrains\PyCharm 2022.1.3\bin;C:\Users\My Family\AppData\Local\GitHubDesktop\bin;C:\Users\My Family\AppData\Local\Microsoft\WindowsApps;C:\Users\My Family\AppData\Roaming\npm;C:\Program Files\Git\usr\bin\vendor_perl;C:\Program Files\Git\usr\bin\core_perl

Yarn version: 
  1.22.19

Node version: 
  18.17.0

Platform: 
  win32 x64

Trace: 
  Error: getaddrinfo ENOTFOUND registry.yarnpkg.com
      at GetAddrInfoReqWrap.onlookup [as oncomplete] (node:dns:108:26)

npm manifest: 
  {
    "name": "template",
    "version": "0.0.0",
    "private": true,
    "type": "module",
    "engines": {
      "node": "<16.17.1"
    },
    "scripts": {
      "start": "cross-env NODE_ENV=production node ./server.js",
      "start:dev": "cross-env NODE_ENV=development nodemon ./server.js",
      "lint": "eslint **/*.js",
      "lint:fix": "eslint --fix **/*.js"
    },
    "dependencies": {
      "bcryptjs": "^2.4.3",
      "cors": "^2.8.5",
      "cross-env": "7.0.3",
      "dotenv": "^16.3.1",
      "express": "^4.18.2",
      "joi": "^17.10.1",
      "jsonwebtoken": "^9.0.2",
      "mongoose": "^7.5.0",
      "morgan": "^1.10.0",
      "nanoid": "^4.0.2"
    },
    "devDependencies": {
      "eslint": "7.19.0",
      "eslint-config-prettier": "^8.3.0",
      "eslint-config-standard": "16.0.3",
      "eslint-plugin-import": "2.25.3",
      "eslint-plugin-node": "^11.1.0",
      "eslint-plugin-promise": "5.2.0",
      "nodemon": "2.0.15"
    }
  }

yarn manifest: 
  No manifest

Lockfile: 
  No lockfile
